<?xml version="1.0" encoding="UTF-8"?>
<!-- Generated by org.testng.reporters.JUnitReportReporter -->
<testsuite skipped="0" hostname="DINESH-PC" name="org.login.TestNg" tests="1" failures="0" timestamp="16 Nov 2021 12:04:44 GMT" time="0.005" errors="0">
  <testcase name="tc5" time="0.005" classname="org.login.TestNg"/>
</testsuite> <!-- org.login.TestNg -->
